<?xml version="1.0" encoding="UTF-8"?>
<!-- Generated by org.testng.reporters.JUnitReportReporter -->
<testsuite skipped="0" hostname="Camille-Monzon" name="TestCases.zwiftProject" tests="2" failures="0" timestamp="29 Jun 2020 09:43:50 GMT" time="24.936" errors="0">
  <testcase name="zwift_homePage_load" time="8.519" classname="TestCases.zwiftProject"/>
  <testcase name="zwift_eventsPage_load" time="16.417" classname="TestCases.zwiftProject"/>
</testsuite> <!-- TestCases.zwiftProject -->
